2017-01-12 12:59:16,310 [Worker-68] INFO  o.e.m.c.i.l.LifecycleMappingFactory - Using org.maven.ide.eclipse.wtp.WarLifecycleMapping lifecycle mapping for MavenProject: com.arpit.java2blog:SpringRestfulWebServicesWithJSONExample:0.0.1-SNAPSHOT @ C:\Personal\Eclipse_Workspace\SpringRestfulWebServicesWithJSONExample\SpringRestfulWebServicesWithJSONExample\pom.xml.
2017-01-12 12:59:18,171 [Worker-68] INFO  o.e.m.j.i.AbstractJavaProjectConfigurator - Adding source folder /SpringRestfulWebServicesWithJSONExample/src/main/java
2017-01-12 12:59:18,177 [Worker-68] INFO  o.e.m.j.i.AbstractJavaProjectConfigurator - Adding resource folder /SpringRestfulWebServicesWithJSONExample/src/main/resources
2017-01-12 12:59:18,178 [Worker-68] INFO  o.e.m.j.i.AbstractJavaProjectConfigurator - Adding source folder /SpringRestfulWebServicesWithJSONExample/src/test/java
2017-01-12 12:59:20,490 [Worker-68] INFO  o.e.m.c.i.p.ProjectConfigurationManager - Imported and configured 1 project(s) in 5 sec
2017-01-12 12:59:21,315 [Worker-62] INFO  o.e.m.c.i.embedder.EclipseLogger - Using 'UTF-8' encoding to copy filtered resources.
2017-01-12 12:59:21,323 [Worker-62] INFO  o.e.m.c.i.embedder.EclipseLogger - Copying 2 resources
2017-01-12 12:59:21,354 [Worker-62] INFO  o.e.m.c.i.embedder.EclipseLogger - Using 'UTF-8' encoding to copy filtered resources.
2017-01-12 12:59:21,355 [Worker-62] INFO  o.e.m.c.i.embedder.EclipseLogger - skip non existing resourceDirectory C:\Personal\Eclipse_Workspace\SpringRestfulWebServicesWithJSONExample\SpringRestfulWebServicesWithJSONExample\src\test\resources
2017-01-16 19:22:07,004 [Worker-20] INFO  o.e.m.c.i.embedder.EclipseLogger - Using 'UTF-8' encoding to copy filtered resources.
2017-01-16 19:22:07,011 [Worker-20] INFO  o.e.m.c.i.embedder.EclipseLogger - Copying 2 resources
2017-01-16 19:22:07,023 [Worker-20] INFO  o.e.m.c.i.embedder.EclipseLogger - Using 'UTF-8' encoding to copy filtered resources.
2017-01-16 19:22:07,023 [Worker-20] INFO  o.e.m.c.i.embedder.EclipseLogger - skip non existing resourceDirectory C:\Personal\Eclipse_Workspace\SpringRestfulWebServicesWithJSONExample\SpringRestfulWebServicesWithJSONExample\src\test\resources
2017-09-18 21:54:29,397 [Worker-5] INFO  o.e.m.c.i.embedder.EclipseLogger - Using 'UTF-8' encoding to copy filtered resources.
2017-09-18 21:54:29,414 [Worker-5] INFO  o.e.m.c.i.embedder.EclipseLogger - Copying 2 resources
2017-09-18 21:54:29,455 [Worker-5] INFO  o.e.m.c.i.embedder.EclipseLogger - Using 'UTF-8' encoding to copy filtered resources.
2017-09-18 21:54:29,455 [Worker-5] INFO  o.e.m.c.i.embedder.EclipseLogger - skip non existing resourceDirectory C:\Personal\Eclipse_Workspace\SpringRestfulWebServicesWithJSONExample\SpringRestfulWebServicesWithJSONExample\src\test\resources
2017-09-19 21:31:10,859 [Worker-8] INFO  o.e.m.c.i.embedder.EclipseLogger - Using 'UTF-8' encoding to copy filtered resources.
2017-09-19 21:31:10,875 [Worker-8] INFO  o.e.m.c.i.embedder.EclipseLogger - Copying 2 resources
2017-09-19 21:31:10,888 [Worker-8] INFO  o.e.m.c.i.embedder.EclipseLogger - Using 'UTF-8' encoding to copy filtered resources.
2017-09-19 21:31:10,889 [Worker-8] INFO  o.e.m.c.i.embedder.EclipseLogger - skip non existing resourceDirectory C:\Personal\Eclipse_Workspace\SpringRestfulWebServicesWithJSONExample\SpringRestfulWebServicesWithJSONExample\src\test\resources
2017-09-19 21:33:52,256 [Worker-4] INFO  o.e.m.c.i.embedder.EclipseLogger - Using 'UTF-8' encoding to copy filtered resources.
2017-09-19 21:33:52,265 [Worker-4] INFO  o.e.m.c.i.embedder.EclipseLogger - Copying 2 resources
2017-09-19 21:33:52,271 [Worker-4] INFO  o.e.m.c.i.embedder.EclipseLogger - Using 'UTF-8' encoding to copy filtered resources.
2017-09-19 21:33:52,271 [Worker-4] INFO  o.e.m.c.i.embedder.EclipseLogger - skip non existing resourceDirectory C:\Personal\Eclipse_Workspace\SpringRestfulWebServicesWithJSONExample\SpringRestfulWebServicesWithJSONExample\src\test\resources
2017-09-22 10:40:38,083 [Worker-6] INFO  o.e.m.c.i.embedder.EclipseLogger - Using 'UTF-8' encoding to copy filtered resources.
2017-09-22 10:40:38,117 [Worker-6] INFO  o.e.m.c.i.embedder.EclipseLogger - Copying 2 resources
2017-09-22 10:40:38,136 [Worker-6] INFO  o.e.m.c.i.embedder.EclipseLogger - Using 'UTF-8' encoding to copy filtered resources.
2017-09-22 10:40:38,166 [Worker-6] INFO  o.e.m.c.i.embedder.EclipseLogger - skip non existing resourceDirectory C:\Personal\Eclipse_Workspace\SpringRestfulWebServicesWithJSONExample\SpringRestfulWebServicesWithJSONExample\src\test\resources
2017-09-25 19:24:34,049 [Worker-18] INFO  o.e.m.c.i.embedder.EclipseLogger - Using 'UTF-8' encoding to copy filtered resources.
2017-09-25 19:24:34,060 [Worker-18] INFO  o.e.m.c.i.embedder.EclipseLogger - Copying 2 resources
2017-09-25 19:24:34,073 [Worker-18] INFO  o.e.m.c.i.embedder.EclipseLogger - Using 'UTF-8' encoding to copy filtered resources.
2017-09-25 19:24:34,073 [Worker-18] INFO  o.e.m.c.i.embedder.EclipseLogger - skip non existing resourceDirectory C:\Personal\Eclipse_Workspace\SpringRestfulWebServicesWithJSONExample\SpringRestfulWebServicesWithJSONExample\src\test\resources
2017-10-03 20:06:25,733 [Worker-5] INFO  o.e.m.c.i.embedder.EclipseLogger - Using 'UTF-8' encoding to copy filtered resources.
2017-10-03 20:06:25,755 [Worker-5] INFO  o.e.m.c.i.embedder.EclipseLogger - Copying 2 resources
2017-10-03 20:06:25,770 [Worker-5] INFO  o.e.m.c.i.embedder.EclipseLogger - Using 'UTF-8' encoding to copy filtered resources.
2017-10-03 20:06:25,771 [Worker-5] INFO  o.e.m.c.i.embedder.EclipseLogger - skip non existing resourceDirectory C:\Personal\Eclipse_Workspace\SpringRestfulWebServicesWithJSONExample\SpringRestfulWebServicesWithJSONExample\src\test\resources
2017-10-03 21:05:00,877 [Worker-2] INFO  o.e.m.c.i.embedder.EclipseLogger - Using 'UTF-8' encoding to copy filtered resources.
2017-10-03 21:05:00,930 [Worker-2] INFO  o.e.m.c.i.embedder.EclipseLogger - Copying 2 resources
2017-10-03 21:05:00,952 [Worker-2] INFO  o.e.m.c.i.embedder.EclipseLogger - Using 'UTF-8' encoding to copy filtered resources.
2017-10-03 21:05:00,953 [Worker-2] INFO  o.e.m.c.i.embedder.EclipseLogger - skip non existing resourceDirectory C:\Personal\Eclipse_Workspace\SpringRestfulWebServicesWithJSONExample\SpringRestfulWebServicesWithJSONExample\src\test\resources
2017-10-04 19:44:34,868 [Worker-9] INFO  o.e.m.c.i.embedder.EclipseLogger - Using 'UTF-8' encoding to copy filtered resources.
2017-10-04 19:44:34,884 [Worker-9] INFO  o.e.m.c.i.embedder.EclipseLogger - Copying 2 resources
2017-10-04 19:44:34,893 [Worker-9] INFO  o.e.m.c.i.embedder.EclipseLogger - Using 'UTF-8' encoding to copy filtered resources.
2017-10-04 19:44:34,894 [Worker-9] INFO  o.e.m.c.i.embedder.EclipseLogger - skip non existing resourceDirectory C:\Personal\Eclipse_Workspace\SpringRestfulWebServicesWithJSONExample\SpringRestfulWebServicesWithJSONExample\src\test\resources
2017-10-08 21:32:11,385 [Worker-0] INFO  o.e.m.c.i.embedder.EclipseLogger - Using 'UTF-8' encoding to copy filtered resources.
2017-10-08 21:32:11,449 [Worker-0] INFO  o.e.m.c.i.embedder.EclipseLogger - Copying 2 resources
2017-10-08 21:32:11,465 [Worker-0] INFO  o.e.m.c.i.embedder.EclipseLogger - Using 'UTF-8' encoding to copy filtered resources.
2017-10-08 21:32:11,465 [Worker-0] INFO  o.e.m.c.i.embedder.EclipseLogger - skip non existing resourceDirectory C:\Personal\Eclipse_Workspace\SpringRestfulWebServicesWithJSONExample\SpringRestfulWebServicesWithJSONExample\src\test\resources
2017-10-09 19:33:52,835 [Worker-18] INFO  o.e.m.c.i.embedder.EclipseLogger - Using 'UTF-8' encoding to copy filtered resources.
2017-10-09 19:33:52,851 [Worker-18] INFO  o.e.m.c.i.embedder.EclipseLogger - Copying 2 resources
2017-10-09 19:33:52,862 [Worker-18] INFO  o.e.m.c.i.embedder.EclipseLogger - Using 'UTF-8' encoding to copy filtered resources.
2017-10-09 19:33:52,864 [Worker-18] INFO  o.e.m.c.i.embedder.EclipseLogger - skip non existing resourceDirectory C:\Personal\Eclipse_Workspace\SpringRestfulWebServicesWithJSONExample\SpringRestfulWebServicesWithJSONExample\src\test\resources
2017-10-26 20:23:25,834 [Worker-1] INFO  o.e.m.c.i.embedder.EclipseLogger - Using 'UTF-8' encoding to copy filtered resources.
2017-10-26 20:23:25,907 [Worker-1] INFO  o.e.m.c.i.embedder.EclipseLogger - Copying 2 resources
2017-10-26 20:23:25,927 [Worker-1] INFO  o.e.m.c.i.embedder.EclipseLogger - Using 'UTF-8' encoding to copy filtered resources.
2017-10-26 20:23:25,927 [Worker-1] INFO  o.e.m.c.i.embedder.EclipseLogger - skip non existing resourceDirectory C:\Personal\Eclipse_Workspace\SpringRestfulWebServicesWithJSONExample\SpringRestfulWebServicesWithJSONExample\src\test\resources
2017-11-26 08:29:19,485 [Worker-18] INFO  o.e.m.c.i.embedder.EclipseLogger - Using 'UTF-8' encoding to copy filtered resources.
2017-11-26 08:29:19,499 [Worker-18] INFO  o.e.m.c.i.embedder.EclipseLogger - Copying 2 resources
2017-11-26 08:29:19,513 [Worker-18] INFO  o.e.m.c.i.embedder.EclipseLogger - Using 'UTF-8' encoding to copy filtered resources.
2017-11-26 08:29:19,513 [Worker-18] INFO  o.e.m.c.i.embedder.EclipseLogger - skip non existing resourceDirectory C:\Personal\Eclipse_Workspace\SpringRestfulWebServicesWithJSONExample\SpringRestfulWebServicesWithJSONExample\src\test\resources
2017-11-26 18:30:57,663 [Worker-20] INFO  o.e.m.c.i.embedder.EclipseLogger - Using 'UTF-8' encoding to copy filtered resources.
2017-11-26 18:30:57,675 [Worker-20] INFO  o.e.m.c.i.embedder.EclipseLogger - Copying 2 resources
2017-11-26 18:30:57,685 [Worker-20] INFO  o.e.m.c.i.embedder.EclipseLogger - Using 'UTF-8' encoding to copy filtered resources.
2017-11-26 18:30:57,685 [Worker-20] INFO  o.e.m.c.i.embedder.EclipseLogger - skip non existing resourceDirectory C:\Personal\Eclipse_Workspace\SpringRestfulWebServicesWithJSONExample\SpringRestfulWebServicesWithJSONExample\src\test\resources
2018-01-11 13:11:42,980 [Worker-5] INFO  o.e.m.c.i.embedder.EclipseLogger - Using 'UTF-8' encoding to copy filtered resources.
2018-01-11 13:11:42,992 [Worker-5] INFO  o.e.m.c.i.embedder.EclipseLogger - Copying 2 resources
2018-01-11 13:11:43,003 [Worker-5] INFO  o.e.m.c.i.embedder.EclipseLogger - Using 'UTF-8' encoding to copy filtered resources.
2018-01-11 13:11:43,006 [Worker-5] INFO  o.e.m.c.i.embedder.EclipseLogger - skip non existing resourceDirectory C:\Personal\Eclipse_Workspace\SpringRestfulWebServicesWithJSONExample\SpringRestfulWebServicesWithJSONExample\src\test\resources
2018-01-12 14:55:34,669 [Worker-13] INFO  o.e.m.c.i.embedder.EclipseLogger - Using 'UTF-8' encoding to copy filtered resources.
2018-01-12 14:55:34,680 [Worker-13] INFO  o.e.m.c.i.embedder.EclipseLogger - Copying 2 resources
2018-01-12 14:55:34,694 [Worker-13] INFO  o.e.m.c.i.embedder.EclipseLogger - Using 'UTF-8' encoding to copy filtered resources.
2018-01-12 14:55:34,694 [Worker-13] INFO  o.e.m.c.i.embedder.EclipseLogger - skip non existing resourceDirectory C:\Personal\Eclipse_Workspace\SpringRestfulWebServicesWithJSONExample\SpringRestfulWebServicesWithJSONExample\src\test\resources
2018-01-14 13:38:43,144 [Worker-1] INFO  o.e.m.c.i.embedder.EclipseLogger - Using 'UTF-8' encoding to copy filtered resources.
2018-01-14 13:38:43,158 [Worker-1] INFO  o.e.m.c.i.embedder.EclipseLogger - Copying 2 resources
2018-01-14 13:38:43,171 [Worker-1] INFO  o.e.m.c.i.embedder.EclipseLogger - Using 'UTF-8' encoding to copy filtered resources.
2018-01-14 13:38:43,171 [Worker-1] INFO  o.e.m.c.i.embedder.EclipseLogger - skip non existing resourceDirectory C:\Personal\Eclipse_Workspace\SpringRestfulWebServicesWithJSONExample\SpringRestfulWebServicesWithJSONExample\src\test\resources
